<?xml version="1.0" encoding="UTF-8"?>
<!-- Generated by org.testng.reporters.JUnitReportReporter -->
<testsuite name="COL_287.Mensaje_Centro_Medico$Mensaje_prod_PRE" tests="5" time="20.891" ignored="0" failures="0" timestamp="06 May 2021 21:44:10 GMT" skipped="0" hostname="BOG15CP1QG4LA" errors="0">
  <testcase name="Login" time="1.896" classname="COL_287.Mensaje_Centro_Medico$Mensaje_prod_PRE"/>
  <testcase name="centro_medico" time="3.217" classname="COL_287.Mensaje_Centro_Medico$Mensaje_prod_PRE"/>
  <testcase name="VerificacionMensaje" time="3.145" classname="COL_287.Mensaje_Centro_Medico$Mensaje_prod_PRE"/>
  <testcase name="office" time="2.187" classname="COL_287.Mensaje_Centro_Medico$Mensaje_prod_PRE"/>
  <testcase name="ConsultaDocumento1" time="10.446" classname="COL_287.Mensaje_Centro_Medico$Mensaje_prod_PRE"/>
</testsuite> <!-- COL_287.Mensaje_Centro_Medico$Mensaje_prod_PRE -->
