<?xml version="1.0" encoding="UTF-8"?>
<!-- Generated by org.testng.reporters.JUnitReportReporter -->
<testsuite name="COL_287.Valid_campos_tutela" tests="8" time="71.342" ignored="0" failures="0" timestamp="06 May 2021 21:42:01 GMT" skipped="0" hostname="BOG15CP1QG4LA" errors="0">
  <testcase name="Login" time="1.995" classname="COL_287.Valid_campos_tutela"/>
  <testcase name="ConsultaDocumento2" time="18.926" classname="COL_287.Valid_campos_tutela"/>
  <testcase name="TutelasDoc1" time="4.290" classname="COL_287.Valid_campos_tutela"/>
  <testcase name="TutelasDoc3" time="7.328" classname="COL_287.Valid_campos_tutela"/>
  <testcase name="TutelasDoc2" time="5.157" classname="COL_287.Valid_campos_tutela"/>
  <testcase name="office" time="2.180" classname="COL_287.Valid_campos_tutela"/>
  <testcase name="ConsultaDocumento1" time="13.771" classname="COL_287.Valid_campos_tutela"/>
  <testcase name="ConsultaDocumento3" time="17.695" classname="COL_287.Valid_campos_tutela"/>
</testsuite> <!-- COL_287.Valid_campos_tutela -->
