<?xml version="1.0" encoding="UTF-8"?>
<!-- Generated by org.testng.reporters.JUnitReportReporter -->
<testsuite name="COL_287.Mensaje_prod_PRE" tests="4" time="19.379" ignored="0" failures="0" timestamp="06 May 2021 21:43:10 GMT" skipped="0" hostname="BOG15CP1QG4LA" errors="0">
  <testcase name="Login" time="2.049" classname="COL_287.Mensaje_prod_PRE"/>
  <testcase name="office" time="2.174" classname="COL_287.Mensaje_prod_PRE"/>
  <testcase name="ConsultaDocumento1" time="12.031" classname="COL_287.Mensaje_prod_PRE"/>
  <testcase name="VerificacionMensaje" time="3.125" classname="COL_287.Mensaje_prod_PRE"/>
</testsuite> <!-- COL_287.Mensaje_prod_PRE -->
